2022-05-23 09:18:45.511  INFO 11584 --- [main] com.abs.demo.DemoApplication             : Starting DemoApplication using Java 1.8.0_202 on AdamToan.local with PID 11584 (/Users/doantoan/Documents/git/demo/target/classes started by doantoan in /Users/doantoan/Documents/git/demo)
2022-05-23 09:18:45.524  INFO 11584 --- [main] com.abs.demo.DemoApplication             : No active profile set, falling back to 1 default profile: "default"
2022-05-23 09:18:46.929  INFO 11584 --- [main] o.s.b.w.embedded.tomcat.TomcatWebServer  : Tomcat initialized with port(s): 8080 (http)
2022-05-23 09:18:46.938  INFO 11584 --- [main] o.apache.catalina.core.StandardService   : Starting service [Tomcat]
2022-05-23 09:18:46.939  INFO 11584 --- [main] org.apache.catalina.core.StandardEngine  : Starting Servlet engine: [Apache Tomcat/9.0.62]
2022-05-23 09:18:47.068  INFO 11584 --- [main] o.a.c.c.C.[Tomcat].[localhost].[/]       : Initializing Spring embedded WebApplicationContext
2022-05-23 09:18:47.069  INFO 11584 --- [main] w.s.c.ServletWebServerApplicationContext : Root WebApplicationContext: initialization completed in 1456 ms
2022-05-23 09:18:47.182  INFO 11584 --- [main] com.abs.demo.job.ScheduleJob             : Start load stocks
2022-05-23 09:19:44.295  INFO 11584 --- [main] com.abs.demo.job.ScheduleJob             : End load stocks
2022-05-23 09:19:44.790  INFO 11584 --- [main] o.s.b.w.embedded.tomcat.TomcatWebServer  : Tomcat started on port(s): 8080 (http) with context path ''
2022-05-23 09:19:44.810  INFO 11584 --- [main] com.abs.demo.DemoApplication             : Started DemoApplication in 60.059 seconds (JVM running for 60.744)
2022-05-23 09:20:06.338  INFO 11584 --- [http-nio-8080-exec-1] o.a.c.c.C.[Tomcat].[localhost].[/]       : Initializing Spring DispatcherServlet 'dispatcherServlet'
2022-05-23 09:20:06.340  INFO 11584 --- [http-nio-8080-exec-1] o.s.web.servlet.DispatcherServlet        : Initializing Servlet 'dispatcherServlet'
2022-05-23 09:20:06.346  INFO 11584 --- [http-nio-8080-exec-1] o.s.web.servlet.DispatcherServlet        : Completed initialization in 5 ms
2022-05-23 09:20:06.600 ERROR 11584 --- [http-nio-8080-exec-1] c.a.demo.feature.stock.StockUsecaseImpl  : Start Date must be less than End Date
2022-05-23 09:20:31.616 ERROR 11584 --- [http-nio-8080-exec-4] c.a.demo.feature.stock.StockUsecaseImpl  : Start Date must be less than End Date
2022-05-23 09:22:38.373  INFO 11647 --- [main] com.abs.demo.DemoApplication             : Starting DemoApplication using Java 1.8.0_202 on AdamToan.local with PID 11647 (/Users/doantoan/Documents/git/demo/target/classes started by doantoan in /Users/doantoan/Documents/git/demo)
2022-05-23 09:22:38.380  INFO 11647 --- [main] com.abs.demo.DemoApplication             : No active profile set, falling back to 1 default profile: "default"
2022-05-23 09:22:39.512  INFO 11647 --- [main] o.s.b.w.embedded.tomcat.TomcatWebServer  : Tomcat initialized with port(s): 8080 (http)
2022-05-23 09:22:39.518  INFO 11647 --- [main] o.apache.catalina.core.StandardService   : Starting service [Tomcat]
2022-05-23 09:22:39.518  INFO 11647 --- [main] org.apache.catalina.core.StandardEngine  : Starting Servlet engine: [Apache Tomcat/9.0.62]
2022-05-23 09:22:39.615  INFO 11647 --- [main] o.a.c.c.C.[Tomcat].[localhost].[/]       : Initializing Spring embedded WebApplicationContext
2022-05-23 09:22:39.616  INFO 11647 --- [main] w.s.c.ServletWebServerApplicationContext : Root WebApplicationContext: initialization completed in 1183 ms
2022-05-23 09:22:39.705  INFO 11647 --- [main] com.abs.demo.job.ScheduleJob             : Start load stocks
2022-05-23 09:23:33.417  INFO 11647 --- [main] com.abs.demo.job.ScheduleJob             : End load stocks
2022-05-23 09:23:33.912  INFO 11647 --- [main] o.s.b.w.embedded.tomcat.TomcatWebServer  : Tomcat started on port(s): 8080 (http) with context path ''
2022-05-23 09:23:33.931  INFO 11647 --- [main] com.abs.demo.DemoApplication             : Started DemoApplication in 56.076 seconds (JVM running for 56.689)
2022-05-23 09:23:39.762  INFO 11647 --- [http-nio-8080-exec-2] o.a.c.c.C.[Tomcat].[localhost].[/]       : Initializing Spring DispatcherServlet 'dispatcherServlet'
2022-05-23 09:23:39.763  INFO 11647 --- [http-nio-8080-exec-2] o.s.web.servlet.DispatcherServlet        : Initializing Servlet 'dispatcherServlet'
2022-05-23 09:23:39.784  INFO 11647 --- [http-nio-8080-exec-2] o.s.web.servlet.DispatcherServlet        : Completed initialization in 19 ms
2022-05-23 09:23:40.057 ERROR 11647 --- [http-nio-8080-exec-2] c.a.demo.feature.stock.StockUsecaseImpl  : Start Date must be less than End Date
2022-05-23 09:58:37.105  INFO 12128 --- [main] com.abs.demo.DemoApplication             : Starting DemoApplication using Java 1.8.0_202 on AdamToan.local with PID 12128 (/Users/doantoan/Documents/git/demo/target/classes started by doantoan in /Users/doantoan/Documents/git/demo)
2022-05-23 09:58:37.111  INFO 12128 --- [main] com.abs.demo.DemoApplication             : No active profile set, falling back to 1 default profile: "default"
2022-05-23 09:58:39.160  INFO 12128 --- [main] o.s.b.w.embedded.tomcat.TomcatWebServer  : Tomcat initialized with port(s): 8080 (http)
2022-05-23 09:58:39.167  INFO 12128 --- [main] o.apache.catalina.core.StandardService   : Starting service [Tomcat]
2022-05-23 09:58:39.168  INFO 12128 --- [main] org.apache.catalina.core.StandardEngine  : Starting Servlet engine: [Apache Tomcat/9.0.62]
2022-05-23 09:58:39.283  INFO 12128 --- [main] o.a.c.c.C.[Tomcat].[localhost].[/]       : Initializing Spring embedded WebApplicationContext
2022-05-23 09:58:39.283  INFO 12128 --- [main] w.s.c.ServletWebServerApplicationContext : Root WebApplicationContext: initialization completed in 2115 ms
2022-05-23 09:58:39.389  INFO 12128 --- [main] com.abs.demo.job.ScheduleJob             : Start load stocks
2022-05-23 09:59:35.647  INFO 12128 --- [main] com.abs.demo.job.ScheduleJob             : End load stocks
2022-05-23 09:59:36.297  INFO 12128 --- [main] o.s.b.w.embedded.tomcat.TomcatWebServer  : Tomcat started on port(s): 8080 (http) with context path ''
2022-05-23 09:59:36.317  INFO 12128 --- [main] com.abs.demo.DemoApplication             : Started DemoApplication in 59.803 seconds (JVM running for 60.688)
2022-05-23 09:59:57.435  INFO 12128 --- [http-nio-8080-exec-2] o.a.c.c.C.[Tomcat].[localhost].[/]       : Initializing Spring DispatcherServlet 'dispatcherServlet'
2022-05-23 09:59:57.437  INFO 12128 --- [http-nio-8080-exec-2] o.s.web.servlet.DispatcherServlet        : Initializing Servlet 'dispatcherServlet'
2022-05-23 09:59:57.442  INFO 12128 --- [http-nio-8080-exec-2] o.s.web.servlet.DispatcherServlet        : Completed initialization in 5 ms
2022-05-23 09:59:57.625 ERROR 12128 --- [http-nio-8080-exec-2] c.a.demo.feature.stock.StockUsecaseImpl  : Start Date must be less than End Date
2022-05-23 10:04:35.143  INFO 12260 --- [main] com.abs.demo.DemoApplication             : Starting DemoApplication using Java 1.8.0_202 on AdamToan.local with PID 12260 (/Users/doantoan/Documents/git/demo/target/classes started by doantoan in /Users/doantoan/Documents/git/demo)
2022-05-23 10:04:35.147  INFO 12260 --- [main] com.abs.demo.DemoApplication             : No active profile set, falling back to 1 default profile: "default"
2022-05-23 10:04:36.338  INFO 12260 --- [main] o.s.b.w.embedded.tomcat.TomcatWebServer  : Tomcat initialized with port(s): 8080 (http)
2022-05-23 10:04:36.346  INFO 12260 --- [main] o.apache.catalina.core.StandardService   : Starting service [Tomcat]
2022-05-23 10:04:36.346  INFO 12260 --- [main] org.apache.catalina.core.StandardEngine  : Starting Servlet engine: [Apache Tomcat/9.0.62]
2022-05-23 10:04:36.696  INFO 12260 --- [main] o.a.c.c.C.[Tomcat].[localhost].[/]       : Initializing Spring embedded WebApplicationContext
2022-05-23 10:04:36.697  INFO 12260 --- [main] w.s.c.ServletWebServerApplicationContext : Root WebApplicationContext: initialization completed in 1506 ms
2022-05-23 10:04:37.073  INFO 12260 --- [main] com.abs.demo.job.ScheduleJob             : Start load stocks
2022-05-23 10:05:34.364  INFO 12260 --- [main] com.abs.demo.job.ScheduleJob             : End load stocks
2022-05-23 10:05:34.811  INFO 12260 --- [main] o.s.b.w.embedded.tomcat.TomcatWebServer  : Tomcat started on port(s): 8080 (http) with context path ''
2022-05-23 10:05:34.832  INFO 12260 --- [main] com.abs.demo.DemoApplication             : Started DemoApplication in 60.145 seconds (JVM running for 61.073)
2022-05-23 10:05:41.145  INFO 12260 --- [http-nio-8080-exec-1] o.a.c.c.C.[Tomcat].[localhost].[/]       : Initializing Spring DispatcherServlet 'dispatcherServlet'
2022-05-23 10:05:41.146  INFO 12260 --- [http-nio-8080-exec-1] o.s.web.servlet.DispatcherServlet        : Initializing Servlet 'dispatcherServlet'
2022-05-23 10:05:41.155  INFO 12260 --- [http-nio-8080-exec-1] o.s.web.servlet.DispatcherServlet        : Completed initialization in 8 ms
2022-05-23 10:05:41.418 ERROR 12260 --- [http-nio-8080-exec-1] c.a.demo.feature.stock.StockUsecaseImpl  : Start Date must be less than End Date
2022-05-23 10:05:48.404  INFO 12260 --- [http-nio-8080-exec-4] c.a.demo.feature.stock.StockUsecaseImpl  : Symbol TWINnn not found
2022-05-23 17:11:04.607  INFO 15935 --- [main] com.abs.demo.DemoApplication             : Starting DemoApplication using Java 1.8.0_202 on AdamToan.local with PID 15935 (/Users/doantoan/Documents/git/demo/target/classes started by doantoan in /Users/doantoan/Documents/git/demo)
2022-05-23 17:11:04.610  INFO 15935 --- [main] com.abs.demo.DemoApplication             : No active profile set, falling back to 1 default profile: "default"
2022-05-23 17:11:06.988  INFO 15935 --- [main] o.s.b.w.embedded.tomcat.TomcatWebServer  : Tomcat initialized with port(s): 8080 (http)
2022-05-23 17:11:07.001  INFO 15935 --- [main] o.apache.catalina.core.StandardService   : Starting service [Tomcat]
2022-05-23 17:11:07.001  INFO 15935 --- [main] org.apache.catalina.core.StandardEngine  : Starting Servlet engine: [Apache Tomcat/9.0.62]
2022-05-23 17:11:07.191  INFO 15935 --- [main] o.a.c.c.C.[Tomcat].[localhost].[/]       : Initializing Spring embedded WebApplicationContext
2022-05-23 17:11:07.191  INFO 15935 --- [main] w.s.c.ServletWebServerApplicationContext : Root WebApplicationContext: initialization completed in 2535 ms
2022-05-23 17:11:07.340  INFO 15935 --- [main] com.abs.demo.job.ScheduleJob             : Start load stocks
2022-05-23 17:11:07.341  INFO 15935 --- [main] com.abs.demo.job.ScheduleJob             : End load stocks
2022-05-23 17:11:07.794  INFO 15935 --- [main] o.s.b.w.embedded.tomcat.TomcatWebServer  : Tomcat started on port(s): 8080 (http) with context path ''
2022-05-23 17:11:07.813  INFO 15935 --- [main] com.abs.demo.DemoApplication             : Started DemoApplication in 3.693 seconds (JVM running for 4.504)
2022-05-23 17:14:54.897  INFO 15969 --- [main] com.abs.demo.DemoApplication             : Starting DemoApplication using Java 1.8.0_202 on AdamToan.local with PID 15969 (/Users/doantoan/Documents/git/demo/target/classes started by doantoan in /Users/doantoan/Documents/git/demo)
2022-05-23 17:14:54.901  INFO 15969 --- [main] com.abs.demo.DemoApplication             : No active profile set, falling back to 1 default profile: "default"
2022-05-23 17:14:56.012  INFO 15969 --- [main] o.s.b.w.embedded.tomcat.TomcatWebServer  : Tomcat initialized with port(s): 8080 (http)
2022-05-23 17:14:56.018  INFO 15969 --- [main] o.apache.catalina.core.StandardService   : Starting service [Tomcat]
2022-05-23 17:14:56.018  INFO 15969 --- [main] org.apache.catalina.core.StandardEngine  : Starting Servlet engine: [Apache Tomcat/9.0.62]
2022-05-23 17:14:56.123  INFO 15969 --- [main] o.a.c.c.C.[Tomcat].[localhost].[/]       : Initializing Spring embedded WebApplicationContext
2022-05-23 17:14:56.123  INFO 15969 --- [main] w.s.c.ServletWebServerApplicationContext : Root WebApplicationContext: initialization completed in 1174 ms
2022-05-23 17:14:56.228  INFO 15969 --- [main] com.abs.demo.job.ScheduleJob             : Start load stocks
2022-05-23 17:15:56.047  INFO 15969 --- [main] com.abs.demo.job.ScheduleJob             : End load stocks
2022-05-23 17:15:58.244  INFO 15969 --- [main] o.s.b.w.embedded.tomcat.TomcatWebServer  : Tomcat started on port(s): 8080 (http) with context path ''
2022-05-23 17:15:58.282  INFO 15969 --- [main] com.abs.demo.DemoApplication             : Started DemoApplication in 64.038 seconds (JVM running for 64.947)
2022-05-23 17:16:08.869  INFO 15989 --- [main] com.abs.demo.DemoApplication             : Starting DemoApplication using Java 1.8.0_202 on AdamToan.local with PID 15989 (/Users/doantoan/Documents/git/demo/target/classes started by doantoan in /Users/doantoan/Documents/git/demo)
2022-05-23 17:16:08.873  INFO 15989 --- [main] com.abs.demo.DemoApplication             : No active profile set, falling back to 1 default profile: "default"
2022-05-23 17:16:10.008  INFO 15989 --- [main] o.s.b.w.embedded.tomcat.TomcatWebServer  : Tomcat initialized with port(s): 8080 (http)
2022-05-23 17:16:10.014  INFO 15989 --- [main] o.apache.catalina.core.StandardService   : Starting service [Tomcat]
2022-05-23 17:16:10.014  INFO 15989 --- [main] org.apache.catalina.core.StandardEngine  : Starting Servlet engine: [Apache Tomcat/9.0.62]
2022-05-23 17:16:10.112  INFO 15989 --- [main] o.a.c.c.C.[Tomcat].[localhost].[/]       : Initializing Spring embedded WebApplicationContext
2022-05-23 17:16:10.112  INFO 15989 --- [main] w.s.c.ServletWebServerApplicationContext : Root WebApplicationContext: initialization completed in 1185 ms
2022-05-23 17:16:10.208  INFO 15989 --- [main] com.abs.demo.job.ScheduleJob             : Start load stocks
2022-05-23 17:17:08.653  INFO 15989 --- [main] com.abs.demo.job.ScheduleJob             : End load stocks
2022-05-23 17:17:10.447  INFO 15989 --- [main] o.s.b.w.embedded.tomcat.TomcatWebServer  : Tomcat started on port(s): 8080 (http) with context path ''
2022-05-23 17:17:10.471  INFO 15989 --- [main] com.abs.demo.DemoApplication             : Started DemoApplication in 62.087 seconds (JVM running for 62.791)
2022-05-23 17:17:14.334  INFO 15996 --- [main] com.abs.demo.DemoApplication             : Starting DemoApplication using Java 1.8.0_202 on AdamToan.local with PID 15996 (/Users/doantoan/Documents/git/demo/target/classes started by doantoan in /Users/doantoan/Documents/git/demo)
2022-05-23 17:17:14.338  INFO 15996 --- [main] com.abs.demo.DemoApplication             : No active profile set, falling back to 1 default profile: "default"
2022-05-23 17:17:15.496  INFO 15996 --- [main] o.s.b.w.embedded.tomcat.TomcatWebServer  : Tomcat initialized with port(s): 8080 (http)
2022-05-23 17:17:15.502  INFO 15996 --- [main] o.apache.catalina.core.StandardService   : Starting service [Tomcat]
2022-05-23 17:17:15.502  INFO 15996 --- [main] org.apache.catalina.core.StandardEngine  : Starting Servlet engine: [Apache Tomcat/9.0.62]
2022-05-23 17:17:15.623  INFO 15996 --- [main] o.a.c.c.C.[Tomcat].[localhost].[/]       : Initializing Spring embedded WebApplicationContext
2022-05-23 17:17:15.623  INFO 15996 --- [main] w.s.c.ServletWebServerApplicationContext : Root WebApplicationContext: initialization completed in 1189 ms
2022-05-23 17:17:15.745  INFO 15996 --- [main] com.abs.demo.job.ScheduleJob             : Start load stocks
2022-05-23 17:18:51.650  INFO 15996 --- [main] com.abs.demo.job.ScheduleJob             : End load stocks
2022-05-23 17:18:52.431  INFO 15996 --- [main] o.s.b.w.embedded.tomcat.TomcatWebServer  : Tomcat started on port(s): 8080 (http) with context path ''
2022-05-23 17:18:52.450  INFO 15996 --- [main] com.abs.demo.DemoApplication             : Started DemoApplication in 98.722 seconds (JVM running for 99.345)
2022-05-23 17:19:35.215  INFO 16009 --- [main] com.abs.demo.DemoApplication             : Starting DemoApplication using Java 1.8.0_202 on AdamToan.local with PID 16009 (/Users/doantoan/Documents/git/demo/target/classes started by doantoan in /Users/doantoan/Documents/git/demo)
2022-05-23 17:19:35.220  INFO 16009 --- [main] com.abs.demo.DemoApplication             : No active profile set, falling back to 1 default profile: "default"
2022-05-23 17:19:36.517  INFO 16009 --- [main] o.s.b.w.embedded.tomcat.TomcatWebServer  : Tomcat initialized with port(s): 8080 (http)
2022-05-23 17:19:36.524  INFO 16009 --- [main] o.apache.catalina.core.StandardService   : Starting service [Tomcat]
2022-05-23 17:19:36.524  INFO 16009 --- [main] org.apache.catalina.core.StandardEngine  : Starting Servlet engine: [Apache Tomcat/9.0.62]
2022-05-23 17:19:36.627  INFO 16009 --- [main] o.a.c.c.C.[Tomcat].[localhost].[/]       : Initializing Spring embedded WebApplicationContext
2022-05-23 17:19:36.627  INFO 16009 --- [main] w.s.c.ServletWebServerApplicationContext : Root WebApplicationContext: initialization completed in 1349 ms
2022-05-23 17:19:36.738  INFO 16009 --- [main] com.abs.demo.job.ScheduleJob             : Start load stocks
2022-05-23 17:20:36.313  INFO 16009 --- [main] com.abs.demo.job.ScheduleJob             : End load stocks
2022-05-23 17:21:33.521  INFO 16022 --- [main] com.abs.demo.DemoApplication             : Starting DemoApplication using Java 1.8.0_202 on AdamToan.local with PID 16022 (/Users/doantoan/Documents/git/demo/target/classes started by doantoan in /Users/doantoan/Documents/git/demo)
2022-05-23 17:21:33.527  INFO 16022 --- [main] com.abs.demo.DemoApplication             : No active profile set, falling back to 1 default profile: "default"
2022-05-23 17:21:34.670  INFO 16022 --- [main] o.s.b.w.embedded.tomcat.TomcatWebServer  : Tomcat initialized with port(s): 8080 (http)
2022-05-23 17:21:34.676  INFO 16022 --- [main] o.apache.catalina.core.StandardService   : Starting service [Tomcat]
2022-05-23 17:21:34.677  INFO 16022 --- [main] org.apache.catalina.core.StandardEngine  : Starting Servlet engine: [Apache Tomcat/9.0.62]
2022-05-23 17:21:34.770  INFO 16022 --- [main] o.a.c.c.C.[Tomcat].[localhost].[/]       : Initializing Spring embedded WebApplicationContext
2022-05-23 17:21:34.771  INFO 16022 --- [main] w.s.c.ServletWebServerApplicationContext : Root WebApplicationContext: initialization completed in 1177 ms
2022-05-23 17:21:34.873  INFO 16022 --- [main] com.abs.demo.job.ScheduleJob             : Start load stocks
2022-05-23 17:22:03.124  INFO 16022 --- [main] com.abs.demo.job.ScheduleJob             : End load stocks
2022-05-23 17:22:04.305  INFO 16022 --- [main] o.s.b.w.embedded.tomcat.TomcatWebServer  : Tomcat started on port(s): 8080 (http) with context path ''
2022-05-23 17:22:04.327  INFO 16022 --- [main] com.abs.demo.DemoApplication             : Started DemoApplication in 31.333 seconds (JVM running for 32.056)
